0 info it worked if it ends with ok
1 verbose cli [ '/usr/local/bin/node', '/usr/local/bin/npm', 'publish' ]
2 info using npm@3.10.10
3 info using node@v7.2.1
4 verbose publish [ '.' ]
5 silly cache add args [ '.', null ]
6 verbose cache add spec .
7 silly cache add parsed spec Result {
7 silly cache add   raw: '.',
7 silly cache add   scope: null,
7 silly cache add   escapedName: null,
7 silly cache add   name: null,
7 silly cache add   rawSpec: '.',
7 silly cache add   spec: '/home/bogdan/work/xbem',
7 silly cache add   type: 'directory' }
8 verbose addLocalDirectory /home/bogdan/.npm/xbem/0.0.1/package.tgz not in flight; packing
9 verbose correctMkdir /home/bogdan/.npm correctMkdir not in flight; initializing
10 info lifecycle xbem@0.0.1~prepublish: xbem@0.0.1
11 silly lifecycle xbem@0.0.1~prepublish: no script for prepublish, continuing
12 verbose tar pack [ '/home/bogdan/.npm/xbem/0.0.1/package.tgz',
12 verbose tar pack   '/home/bogdan/work/xbem' ]
13 verbose tarball /home/bogdan/.npm/xbem/0.0.1/package.tgz
14 verbose folder /home/bogdan/work/xbem
15 verbose addLocalTarball adding from inside cache /home/bogdan/.npm/xbem/0.0.1/package.tgz
16 verbose correctMkdir /home/bogdan/.npm correctMkdir not in flight; initializing
17 silly cache afterAdd xbem@0.0.1
18 verbose afterAdd /home/bogdan/.npm/xbem/0.0.1/package/package.json not in flight; writing
19 verbose correctMkdir /home/bogdan/.npm correctMkdir not in flight; initializing
20 verbose afterAdd /home/bogdan/.npm/xbem/0.0.1/package/package.json written
21 silly publish { name: 'xbem',
21 silly publish   version: '0.0.1',
21 silly publish   description: 'A framework for BEM methodology based on common sense and placeholders.',
21 silly publish   main: 'index.js',
21 silly publish   scripts: {},
21 silly publish   keywords: [ 'scss', 'css', 'BEM' ],
21 silly publish   repository: { type: 'git', url: 'git+https://github.com/bytexro/xbem.git' },
21 silly publish   author: { name: 'Prisecaru Bogdan' },
21 silly publish   license: 'MIT',
21 silly publish   readme: '#B.E.M Framework\n\n##Why should we use this?\n- No need for more then 1(one) class per element (except +state classes)\n- No nesting beyond level 1(one) (except +state classes)\n- Optimized output CSS\n- Easy and intuitive mixins for writing BEM classes\n\n##Usage\n\n###Blocks\n\n```\n@include block(menu) {\n  // styles here\n  color: red;\n}\n\n```\n#### output\n\n```\n.block {\n  //styles here\n  color: red;\n}\n\n```\n###Elements\n\n```\n@include block(menu) {\n  // styles here\n  color: red;\n\n  @include element(item) {\n    //styles here\n    background-color: blue;\n  }\n}\n\n```\n#### output\n\n```\n.menu {\n  //styles here\n  color: red;\n}\n\n.menu__item {\n  //styles here\n  background-color: blue;\n}\n\n```\n\n###Modifiers\n\n```\n@include block(menu) {\n  // styles here\n  color: red;\n\n  @include element(item) {\n    //styles here\n    background-color: blue;\n\n    @include modifier(big) {\n      font-size: 200%;\n    }\n  }\n}\n\n```\n#### output\n\n```\n.menu {\n  //styles here\n  color: red;\n}\n\n.menu__item {\n  //styles here\n  background-color: blue;\n}\n\n.menu__item, .menu__item--big {\n  //styles here\n  background-color: blue;\n}\n\n.menu__item--big {\n  font-size: 200%;\n}\n\n```\n\n###States\n\n```\n@include block(menu) {\n  // styles here\n  color: red;\n\n  @include state(isHidden) {\n    display: none;\n  }\n}\n\n```\n#### output\n\n```\n.menu {\n  //styles here\n  color: red;\n}\n\n.menu.\\\\+isHidden {\n  display: none;\n}\n\n```\n',
21 silly publish   readmeFilename: 'README.md',
21 silly publish   gitHead: '920fc8e358e1d229f06ef2f5d4dfd111374a3ba7',
21 silly publish   bugs: { url: 'https://github.com/bytexro/xbem/issues' },
21 silly publish   homepage: 'https://github.com/bytexro/xbem#readme',
21 silly publish   _id: 'xbem@0.0.1',
21 silly publish   _shasum: '8b92b5610c4c0b9a4045006484916461f4819c18',
21 silly publish   _from: '.' }
22 verbose getPublishConfig undefined
23 silly mapToRegistry name xbem
24 silly mapToRegistry using default registry
25 silly mapToRegistry registry https://registry.npmjs.org/
26 silly mapToRegistry data Result {
26 silly mapToRegistry   raw: 'xbem',
26 silly mapToRegistry   scope: null,
26 silly mapToRegistry   escapedName: 'xbem',
26 silly mapToRegistry   name: 'xbem',
26 silly mapToRegistry   rawSpec: '',
26 silly mapToRegistry   spec: 'latest',
26 silly mapToRegistry   type: 'tag' }
27 silly mapToRegistry uri https://registry.npmjs.org/xbem
28 verbose publish registryBase https://registry.npmjs.org/
29 silly publish uploading /home/bogdan/.npm/xbem/0.0.1/package.tgz
30 verbose request uri https://registry.npmjs.org/xbem
31 verbose request sending authorization for write operation
32 info attempt registry request try #1 at 3:54:36 PM
33 verbose request using bearer token for auth
34 verbose request id 78ed952d78668f57
35 http request PUT https://registry.npmjs.org/xbem
36 http 403 https://registry.npmjs.org/xbem
37 verbose headers { 'content-type': 'application/json',
37 verbose headers   'cache-control': 'max-age=300',
37 verbose headers   'content-length': '95',
37 verbose headers   'accept-ranges': 'bytes',
37 verbose headers   date: 'Tue, 03 Jan 2017 13:54:37 GMT',
37 verbose headers   via: '1.1 varnish',
37 verbose headers   connection: 'keep-alive',
37 verbose headers   'x-served-by': 'cache-fra1230-FRA',
37 verbose headers   'x-cache': 'MISS',
37 verbose headers   'x-cache-hits': '0',
37 verbose headers   'x-timer': 'S1483451676.379110,VS0,VE1203',
37 verbose headers   vary: 'Accept-Encoding' }
38 verbose request invalidating /home/bogdan/.npm/registry.npmjs.org/xbem on PUT
39 error publish Failed PUT 403
40 verbose stack Error: "You cannot publish over the previously published version 0.0.1." : xbem
40 verbose stack     at makeError (/usr/local/lib/node_modules/npm/node_modules/npm-registry-client/lib/request.js:302:12)
40 verbose stack     at CachingRegistryClient.<anonymous> (/usr/local/lib/node_modules/npm/node_modules/npm-registry-client/lib/request.js:290:14)
40 verbose stack     at Request._callback (/usr/local/lib/node_modules/npm/node_modules/npm-registry-client/lib/request.js:210:14)
40 verbose stack     at Request.self.callback (/usr/local/lib/node_modules/npm/node_modules/request/request.js:187:22)
40 verbose stack     at emitTwo (events.js:106:13)
40 verbose stack     at Request.emit (events.js:191:7)
40 verbose stack     at Request.<anonymous> (/usr/local/lib/node_modules/npm/node_modules/request/request.js:1048:10)
40 verbose stack     at emitOne (events.js:96:13)
40 verbose stack     at Request.emit (events.js:188:7)
40 verbose stack     at IncomingMessage.<anonymous> (/usr/local/lib/node_modules/npm/node_modules/request/request.js:969:12)
41 verbose statusCode 403
42 verbose pkgid xbem
43 verbose cwd /home/bogdan/work/xbem
44 error Linux 4.4.0-57-generic
45 error argv "/usr/local/bin/node" "/usr/local/bin/npm" "publish"
46 error node v7.2.1
47 error npm  v3.10.10
48 error code E403
49 error "You cannot publish over the previously published version 0.0.1." : xbem
50 error If you need help, you may report this error at:
50 error     <https://github.com/npm/npm/issues>
51 verbose exit [ 1, true ]
